<?xml version="1.0" encoding="UTF-8"?>
<robot generator="Robot 6.0.2 (Python 3.10.11 on darwin)" generated="20230430 22:08:30.734" rpa="false" schemaversion="3">
<suite id="s1" name="First Test" source="/Users/olegnarushevich/PycharmProjects/Robotest/test_cases/first_test.robot">
<test id="s1-t1" name="My First Test Case" line="18">
<kw name="Open browser and Maximize" library="resources">
<arg>${URL}</arg>
<arg>${Browser}</arg>
<kw name="Open Browser" library="SeleniumLibrary">
<arg>${URLName}</arg>
<arg>${BrowserName}</arg>
<doc>Opens a new browser instance to the optional ``url``.</doc>
<msg timestamp="20230430 22:08:30.888" level="INFO">Opening browser 'Chrome' to base url 'https://www.google.com'.</msg>
<msg timestamp="20230430 22:08:30.889" level="INFO">Executing: /Users/olegnarushevich/PycharmProjects/Robotest/venv/lib/python3.10/site-packages/selenium/webdriver/common/macos/selenium-manager --browser chrome --output json</msg>
<status status="PASS" starttime="20230430 22:08:30.888" endtime="20230430 22:08:33.300"/>
</kw>
<kw name="Maximize Browser Window" library="SeleniumLibrary">
<doc>Maximizes current browser window.</doc>
<status status="PASS" starttime="20230430 22:08:33.301" endtime="20230430 22:08:33.770"/>
</kw>
<status status="PASS" starttime="20230430 22:08:30.887" endtime="20230430 22:08:33.771"/>
</kw>
<kw name="Find Website TA9" library="resources">
<arg>${Text}</arg>
<arg>${LINK_TA9}</arg>
<arg>${Website}</arg>
<kw name="Input Text" library="SeleniumLibrary">
<arg>${LINK_TA9}</arg>
<arg>${Text}</arg>
<doc>Types the given ``text`` into the text field identified by ``locator``.</doc>
<msg timestamp="20230430 22:08:33.774" level="INFO">Typing text 'TA9' into text field 'id:APjFqb'.</msg>
<status status="PASS" starttime="20230430 22:08:33.773" endtime="20230430 22:08:33.898"/>
</kw>
<kw name="Press Keys" library="SeleniumLibrary">
<arg>${LINK_TA9}</arg>
<arg>RETURN</arg>
<doc>Simulates the user pressing key(s) to an element or on the active browser.</doc>
<msg timestamp="20230430 22:08:33.899" level="INFO">Sending key(s) ('RETURN',) to id:APjFqb element.</msg>
<msg timestamp="20230430 22:08:34.186" level="INFO">Pressing special key RETURN to element.</msg>
<msg timestamp="20230430 22:08:34.187" level="INFO">Releasing special key RETURN.</msg>
<status status="PASS" starttime="20230430 22:08:33.899" endtime="20230430 22:08:35.943"/>
</kw>
<kw name="Click Element" library="SeleniumLibrary">
<arg>${Website}</arg>
<doc>Click the element identified by ``locator``.</doc>
<msg timestamp="20230430 22:08:35.944" level="INFO">Clicking element '//*[@id="rso"]/div[1]/div/div/div/div/div/div/div[1]/a/h3'.</msg>
<status status="PASS" starttime="20230430 22:08:35.943" endtime="20230430 22:08:37.236"/>
</kw>
<status status="PASS" starttime="20230430 22:08:33.771" endtime="20230430 22:08:37.236"/>
</kw>
<kw name="Navigate to the Careers page" library="resources">
<arg>${CAREERS}</arg>
<kw name="Click Element" library="SeleniumLibrary">
<arg>${CAREERS}</arg>
<doc>Click the element identified by ``locator``.</doc>
<msg timestamp="20230430 22:08:37.238" level="INFO">Clicking element 'id:menu-item-407'.</msg>
<status status="PASS" starttime="20230430 22:08:37.237" endtime="20230430 22:08:38.121"/>
</kw>
<status status="PASS" starttime="20230430 22:08:37.236" endtime="20230430 22:08:38.122"/>
</kw>
<kw name="Scroll Element Into View" library="SeleniumLibrary">
<arg>${ELEMENT}</arg>
<doc>Scrolls the element identified by ``locator`` into view.</doc>
<status status="PASS" starttime="20230430 22:08:38.122" endtime="20230430 22:08:38.414"/>
</kw>
<kw name="Fetch the year" library="resources">
<arg>${ELEMENT}</arg>
<arg>${YEAR}</arg>
<kw name="Get Text" library="SeleniumLibrary">
<var>${element_text}</var>
<arg>${ELEMENT}</arg>
<doc>Returns the text value of the element identified by ``locator``.</doc>
<msg timestamp="20230430 22:08:38.441" level="INFO">${element_text} = All rights Reserved to TA9 LTD 2023</msg>
<status status="PASS" starttime="20230430 22:08:38.415" endtime="20230430 22:08:38.441"/>
</kw>
<kw name="Should Contain" library="BuiltIn">
<arg>${element_text}</arg>
<arg>${YEAR}</arg>
<doc>Fails if ``container`` does not contain ``item`` one or more times.</doc>
<status status="PASS" starttime="20230430 22:08:38.441" endtime="20230430 22:08:38.441"/>
</kw>
<status status="PASS" starttime="20230430 22:08:38.415" endtime="20230430 22:08:38.441"/>
</kw>
<kw name="Click on the UP button" library="resources">
<arg>${BUTTON_LOCATOR}</arg>
<arg>${LOGO_LOCATOR}</arg>
<kw name="Run Keyword And Return Status" library="BuiltIn">
<var>${button_present}</var>
<arg>Element Should Be Visible</arg>
<arg>${BUTTON_LOCATOR}</arg>
<doc>Runs the given keyword with given arguments and returns the status as a Boolean value.</doc>
<kw name="Element Should Be Visible" library="SeleniumLibrary">
<arg>${BUTTON_LOCATOR}</arg>
<doc>Verifies that the element identified by ``locator`` is visible.</doc>
<msg timestamp="20230430 22:08:38.648" level="INFO" html="true">&lt;/td&gt;&lt;/tr&gt;&lt;tr&gt;&lt;td colspan="3"&gt;&lt;a href="selenium-screenshot-31.png"&gt;&lt;img src="selenium-screenshot-31.png" width="800px"&gt;&lt;/a&gt;</msg>
<msg timestamp="20230430 22:08:38.648" level="FAIL">The element 'id:precise_backtop' should be visible, but it is not.</msg>
<status status="FAIL" starttime="20230430 22:08:38.442" endtime="20230430 22:08:38.649"/>
</kw>
<msg timestamp="20230430 22:08:38.649" level="INFO">${button_present} = False</msg>
<status status="PASS" starttime="20230430 22:08:38.442" endtime="20230430 22:08:38.649"/>
</kw>
<kw name="Run Keyword If" library="BuiltIn">
<arg>${button_present}</arg>
<arg>Click Element</arg>
<arg>${BUTTON_LOCATOR}</arg>
<doc>Runs the given keyword with the given arguments, if ``condition`` is true.</doc>
<status status="PASS" starttime="20230430 22:08:38.650" endtime="20230430 22:08:38.650"/>
</kw>
<kw name="Run Keyword Unless" library="BuiltIn">
<arg>${button_present}</arg>
<arg>Click Element</arg>
<arg>${LOGO_LOCATOR}</arg>
<doc>*DEPRECATED since RF 5.0. Use Native IF/ELSE or `Run Keyword If` instead.*</doc>
<msg timestamp="20230430 22:08:38.650" level="WARN">Keyword 'BuiltIn.Run Keyword Unless' is deprecated. </msg>
<kw name="Click Element" library="SeleniumLibrary">
<arg>${LOGO_LOCATOR}</arg>
<doc>Click the element identified by ``locator``.</doc>
<msg timestamp="20230430 22:08:38.651" level="INFO">Clicking element 'xpath://*[@class='logo precise-flex-box precise-flex-box-ai-center']'.</msg>
<status status="PASS" starttime="20230430 22:08:38.651" endtime="20230430 22:08:39.094"/>
</kw>
<status status="PASS" starttime="20230430 22:08:38.650" endtime="20230430 22:08:39.094"/>
</kw>
<status status="PASS" starttime="20230430 22:08:38.442" endtime="20230430 22:08:39.094"/>
</kw>
<status status="PASS" starttime="20230430 22:08:30.887" endtime="20230430 22:08:39.094"/>
</test>
<status status="PASS" starttime="20230430 22:08:30.736" endtime="20230430 22:08:39.095"/>
</suite>
<statistics>
<total>
<stat pass="1" fail="0" skip="0">All Tests</stat>
</total>
<tag>
</tag>
<suite>
<stat pass="1" fail="0" skip="0" id="s1" name="First Test">First Test</stat>
</suite>
</statistics>
<errors>
<msg timestamp="20230430 22:08:38.650" level="WARN">Keyword 'BuiltIn.Run Keyword Unless' is deprecated. </msg>
</errors>
</robot>
