<?xml version="1.0" encoding="UTF-8"?>
<robot generator="Robot 6.0.2 (Python 3.10.11 on darwin)" generated="20230429 22:36:31.365" rpa="false" schemaversion="3">
<suite id="s1" name="First Test" source="/Users/olegnarushevich/PycharmProjects/Robotest/test_cases/first_test.robot">
<test id="s1-t1" name="My First Test Case" line="13">
<kw name="Open browser and Maximize" library="resources">
<arg>${URL}</arg>
<arg>${Browser}</arg>
<kw name="Open Browser" library="SeleniumLibrary">
<arg>${URLName}</arg>
<arg>${BrowserName}</arg>
<doc>Opens a new browser instance to the optional ``url``.</doc>
<msg timestamp="20230429 22:36:31.555" level="INFO">Opening browser 'Chrome' to base url 'https://www.google.com'.</msg>
<msg timestamp="20230429 22:36:31.556" level="INFO">Executing: /Users/olegnarushevich/PycharmProjects/Robotest/venv/lib/python3.10/site-packages/selenium/webdriver/common/macos/selenium-manager --browser chrome --output json</msg>
<status status="PASS" starttime="20230429 22:36:31.555" endtime="20230429 22:36:34.099"/>
</kw>
<status status="PASS" starttime="20230429 22:36:31.554" endtime="20230429 22:36:34.099"/>
</kw>
<kw name="Find Website TA9" library="resources">
<arg>${Text}</arg>
<kw name="Input Text" library="SeleniumLibrary">
<arg>id:APjFqb</arg>
<arg>${Text}</arg>
<doc>Types the given ``text`` into the text field identified by ``locator``.</doc>
<msg timestamp="20230429 22:36:34.101" level="INFO">Typing text 'TA9' into text field 'id:APjFqb'.</msg>
<status status="PASS" starttime="20230429 22:36:34.100" endtime="20230429 22:36:34.219"/>
</kw>
<kw name="Press Keys" library="SeleniumLibrary">
<arg>id:APjFqb</arg>
<arg>RETURN</arg>
<doc>Simulates the user pressing key(s) to an element or on the active browser.</doc>
<msg timestamp="20230429 22:36:34.220" level="INFO">Sending key(s) ('RETURN',) to id:APjFqb element.</msg>
<msg timestamp="20230429 22:36:34.503" level="INFO">Pressing special key RETURN to element.</msg>
<msg timestamp="20230429 22:36:34.503" level="INFO">Releasing special key RETURN.</msg>
<status status="PASS" starttime="20230429 22:36:34.219" endtime="20230429 22:36:35.778"/>
</kw>
<kw name="Click Element" library="SeleniumLibrary">
<arg>//*[@id="rso"]/div[1]/div/div/div/div/div/div/div[1]/a/h3</arg>
<doc>Click the element identified by ``locator``.</doc>
<msg timestamp="20230429 22:36:35.779" level="INFO">Clicking element '//*[@id="rso"]/div[1]/div/div/div/div/div/div/div[1]/a/h3'.</msg>
<status status="PASS" starttime="20230429 22:36:35.778" endtime="20230429 22:36:36.832"/>
</kw>
<status status="PASS" starttime="20230429 22:36:34.100" endtime="20230429 22:36:36.833"/>
</kw>
<kw name="Navigate to the Careers page" library="resources">
<kw name="Click Element" library="SeleniumLibrary">
<arg>id:menu-item-407</arg>
<doc>Click the element identified by ``locator``.</doc>
<msg timestamp="20230429 22:36:36.833" level="INFO">Clicking element 'id:menu-item-407'.</msg>
<status status="PASS" starttime="20230429 22:36:36.833" endtime="20230429 22:36:37.269"/>
</kw>
<status status="PASS" starttime="20230429 22:36:36.833" endtime="20230429 22:36:37.270"/>
</kw>
<kw name="Find element and Double click" library="resources">
<kw name="Double Click Element" library="SeleniumLibrary">
<arg>xpath://*[@id="precise-wrapper"]/div[5]/div[2]/div[2]/p</arg>
<doc>Double clicks the element identified by ``locator``.</doc>
<msg timestamp="20230429 22:36:37.271" level="INFO">Double clicking element 'xpath://*[@id="precise-wrapper"]/div[5]/div[2]/div[2]/p'.</msg>
<status status="PASS" starttime="20230429 22:36:37.270" endtime="20230429 22:36:37.589"/>
</kw>
<status status="PASS" starttime="20230429 22:36:37.270" endtime="20230429 22:36:37.589"/>
</kw>
<kw name="Click on the UP button" library="resources">
<arg>${BUTTON_LOCATOR}</arg>
<arg>${LOGO_LOCATOR}</arg>
<kw name="Run Keyword And Return Status" library="BuiltIn">
<var>${button_present}</var>
<arg>Element Should Be Visible</arg>
<arg>${BUTTON_LOCATOR}</arg>
<doc>Runs the given keyword with given arguments and returns the status as a Boolean value.</doc>
<kw name="Element Should Be Visible" library="SeleniumLibrary">
<arg>${BUTTON_LOCATOR}</arg>
<doc>Verifies that the element identified by ``locator`` is visible.</doc>
<msg timestamp="20230429 22:36:37.725" level="INFO" html="true">&lt;/td&gt;&lt;/tr&gt;&lt;tr&gt;&lt;td colspan="3"&gt;&lt;a href="selenium-screenshot-1.png"&gt;&lt;img src="selenium-screenshot-1.png" width="800px"&gt;&lt;/a&gt;</msg>
<msg timestamp="20230429 22:36:37.725" level="FAIL">The element 'id:precise_backtop' should be visible, but it is not.</msg>
<status status="FAIL" starttime="20230429 22:36:37.590" endtime="20230429 22:36:37.731"/>
</kw>
<msg timestamp="20230429 22:36:37.731" level="INFO">${button_present} = False</msg>
<status status="PASS" starttime="20230429 22:36:37.590" endtime="20230429 22:36:37.731"/>
</kw>
<kw name="Run Keyword If" library="BuiltIn">
<arg>${button_present}</arg>
<arg>Click Element</arg>
<arg>${BUTTON_LOCATOR}</arg>
<doc>Runs the given keyword with the given arguments, if ``condition`` is true.</doc>
<status status="PASS" starttime="20230429 22:36:37.731" endtime="20230429 22:36:37.731"/>
</kw>
<kw name="Run Keyword Unless" library="BuiltIn">
<arg>${button_present}</arg>
<arg>Click Element</arg>
<arg>${LOGO_LOCATOR}</arg>
<doc>*DEPRECATED since RF 5.0. Use Native IF/ELSE or `Run Keyword If` instead.*</doc>
<msg timestamp="20230429 22:36:37.731" level="WARN">Keyword 'BuiltIn.Run Keyword Unless' is deprecated. </msg>
<kw name="Click Element" library="SeleniumLibrary">
<arg>${LOGO_LOCATOR}</arg>
<doc>Click the element identified by ``locator``.</doc>
<msg timestamp="20230429 22:36:37.732" level="INFO">Clicking element 'xpath://*[@class='logo precise-flex-box precise-flex-box-ai-center']'.</msg>
<status status="PASS" starttime="20230429 22:36:37.732" endtime="20230429 22:36:38.205"/>
</kw>
<status status="PASS" starttime="20230429 22:36:37.731" endtime="20230429 22:36:38.205"/>
</kw>
<status status="PASS" starttime="20230429 22:36:37.589" endtime="20230429 22:36:38.205"/>
</kw>
<kw name="Sleep" library="BuiltIn">
<arg>5</arg>
<doc>Pauses the test executed for the given time.</doc>
<msg timestamp="20230429 22:36:43.207" level="INFO">Slept 5 seconds</msg>
<status status="PASS" starttime="20230429 22:36:38.205" endtime="20230429 22:36:43.207"/>
</kw>
<status status="PASS" starttime="20230429 22:36:31.553" endtime="20230429 22:36:43.208"/>
</test>
<status status="PASS" starttime="20230429 22:36:31.368" endtime="20230429 22:36:43.210"/>
</suite>
<statistics>
<total>
<stat pass="1" fail="0" skip="0">All Tests</stat>
</total>
<tag>
</tag>
<suite>
<stat pass="1" fail="0" skip="0" id="s1" name="First Test">First Test</stat>
</suite>
</statistics>
<errors>
<msg timestamp="20230429 22:36:37.731" level="WARN">Keyword 'BuiltIn.Run Keyword Unless' is deprecated. </msg>
</errors>
</robot>
